Build started 26.01.2017 22:50:36.
     1>Project "C:\Users\Philipp\Documents\Visual Studio 2015\Projects\Aufgabenblock_3\Aufgabenblock_3.vcxproj" on node 2 (Build target(s)).
     1>ClCompile:
         C:\Program Files (x86)\Microsoft Visual Studio 14.0\VC\bin\x86_amd64\CL.exe /c /ZI /nologo /W3 /WX- /sdl /Od /D _DEBUG /D _CONSOLE /D _UNICODE /D UNICODE /Gm /EHsc /RTC1 /MDd /GS /fp:precise /Zc:wchar_t /Zc:forScope /Zc:inline /Fo"x64\Debug\\" /Fd"x64\Debug\vc140.pdb" /Gd /TP /errorReport:prompt AktivesVO.cpp FahrAusnahme.cpp Fahrrad.cpp Fahrzeug.cpp FzgFahren.cpp FzgParken.cpp FzgVerhalten.cpp Kreuzung.cpp Losfahren.cpp main.cpp PKW.cpp Streckenende.cpp Weg.cpp
         Weg.cpp
         Streckenende.cpp
         PKW.cpp
         main.cpp
         Losfahren.cpp
         Kreuzung.cpp
         FzgVerhalten.cpp
         FzgParken.cpp
         FzgFahren.cpp
         Fahrzeug.cpp
         Fahrrad.cpp
         FahrAusnahme.cpp
         AktivesVO.cpp
         Generating Code...
     1>c:\users\philipp\documents\visual studio 2015\projects\aufgabenblock_3\pkw.cpp(127): warning C4172: returning address of local variable or temporary
       Link:
         C:\Program Files (x86)\Microsoft Visual Studio 14.0\VC\bin\x86_amd64\link.exe /ERRORREPORT:PROMPT /OUT:"C:\Users\Philipp\Documents\Visual Studio 2015\Projects\Aufgabenblock_3\x64\Debug\Aufgabenblock_3.exe" /INCREMENTAL /NOLOGO kernel32.lib user32.lib gdi32.lib winspool.lib comdlg32.lib advapi32.lib shell32.lib ole32.lib oleaut32.lib uuid.lib odbc32.lib odbccp32.lib /MANIFEST /MANIFESTUAC:"level='asInvoker' uiAccess='false'" /manifest:embed /Debug /PDB:"C:\Users\Philipp\Documents\Visual Studio 2015\Projects\Aufgabenblock_3\x64\Debug\Aufgabenblock_3.pdb" /SUBSYSTEM:CONSOLE /TLBID:1 /DYNAMICBASE /NXCOMPAT /IMPLIB:"C:\Users\Philipp\Documents\Visual Studio 2015\Projects\Aufgabenblock_3\x64\Debug\Aufgabenblock_3.lib" /MACHINE:X64 x64\Debug\AktivesVO.obj
         x64\Debug\FahrAusnahme.obj
         x64\Debug\Fahrrad.obj
         x64\Debug\Fahrzeug.obj
         x64\Debug\FzgFahren.obj
         x64\Debug\FzgParken.obj
         x64\Debug\FzgVerhalten.obj
         x64\Debug\Kreuzung.obj
         x64\Debug\Losfahren.obj
         x64\Debug\main.obj
         x64\Debug\PKW.obj
         x64\Debug\Streckenende.obj
         x64\Debug\Weg.obj
         SimuClient.lib
     1>SimuClient.lib(SimuClient.dll) : fatal error LNK1112: module machine type 'X86' conflicts with target machine type 'x64'
     1>Done Building Project "C:\Users\Philipp\Documents\Visual Studio 2015\Projects\Aufgabenblock_3\Aufgabenblock_3.vcxproj" (Build target(s)) -- FAILED.

Build FAILED.

Time Elapsed 00:00:08.02
